0 info it worked if it ends with ok
1 verbose cli [ '/usr/local/bin/node',
1 verbose cli   '/usr/local/bin/npm',
1 verbose cli   'run',
1 verbose cli   'build:css' ]
2 info using npm@3.8.6
3 info using node@v5.11.0
4 verbose run-script [ 'prebuild:css', 'build:css', 'postbuild:css' ]
5 info lifecycle minimal-mistakes@2.1.0~prebuild:css: minimal-mistakes@2.1.0
6 silly lifecycle minimal-mistakes@2.1.0~prebuild:css: no script for prebuild:css, continuing
7 info lifecycle minimal-mistakes@2.1.0~build:css: minimal-mistakes@2.1.0
8 verbose lifecycle minimal-mistakes@2.1.0~build:css: unsafe-perm in lifecycle true
9 verbose lifecycle minimal-mistakes@2.1.0~build:css: PATH: /usr/local/lib/node_modules/npm/bin/node-gyp-bin:/Users/work/github/owenpriestley.github.io/node_modules/.bin:/usr/local/bin:/Users/work/.rvm/gems/ruby-2.3.0/bin:/Users/work/.rvm/gems/ruby-2.3.0@global/bin:/Users/work/.rvm/rubies/ruby-2.3.0/bin:/usr/local/bin:/usr/bin:/bin:/usr/sbin:/sbin:/opt/X11/bin:/Users/work/.rvm/bin
10 verbose lifecycle minimal-mistakes@2.1.0~build:css: CWD: /Users/work/github/owenpriestley.github.io
11 silly lifecycle minimal-mistakes@2.1.0~build:css: Args: [ '-c', 'npm run scss && npm run autoprefixer' ]
12 silly lifecycle minimal-mistakes@2.1.0~build:css: Returned: code: 1  signal: null
13 info lifecycle minimal-mistakes@2.1.0~build:css: Failed to exec build:css script
14 verbose stack Error: minimal-mistakes@2.1.0 build:css: `npm run scss && npm run autoprefixer`
14 verbose stack Exit status 1
14 verbose stack     at EventEmitter.<anonymous> (/usr/local/lib/node_modules/npm/lib/utils/lifecycle.js:239:16)
14 verbose stack     at emitTwo (events.js:100:13)
14 verbose stack     at EventEmitter.emit (events.js:185:7)
14 verbose stack     at ChildProcess.<anonymous> (/usr/local/lib/node_modules/npm/lib/utils/spawn.js:24:14)
14 verbose stack     at emitTwo (events.js:100:13)
14 verbose stack     at ChildProcess.emit (events.js:185:7)
14 verbose stack     at maybeClose (internal/child_process.js:850:16)
14 verbose stack     at Process.ChildProcess._handle.onexit (internal/child_process.js:215:5)
15 verbose pkgid minimal-mistakes@2.1.0
16 verbose cwd /Users/work/github/owenpriestley.github.io
17 error Darwin 15.4.0
18 error argv "/usr/local/bin/node" "/usr/local/bin/npm" "run" "build:css"
19 error node v5.11.0
20 error npm  v3.8.6
21 error code ELIFECYCLE
22 error minimal-mistakes@2.1.0 build:css: `npm run scss && npm run autoprefixer`
22 error Exit status 1
23 error Failed at the minimal-mistakes@2.1.0 build:css script 'npm run scss && npm run autoprefixer'.
23 error Make sure you have the latest version of node.js and npm installed.
23 error If you do, this is most likely a problem with the minimal-mistakes package,
23 error not with npm itself.
23 error Tell the author that this fails on your system:
23 error     npm run scss && npm run autoprefixer
23 error You can get information on how to open an issue for this project with:
23 error     npm bugs minimal-mistakes
23 error Or if that isn't available, you can get their info via:
23 error     npm owner ls minimal-mistakes
23 error There is likely additional logging output above.
24 verbose exit [ 1, true ]
